proguard/seeds.txt
com.wawa.learnenglish.activity.MainActivity
com.wawa.learnenglish.activity.MainActivity: MainActivity()