proguard/usage.txt
com.wawa.learnenglish.BuildConfig
com.wawa.learnenglish.R
com.wawa.learnenglish.R$attr
com.wawa.learnenglish.R$color
com.wawa.learnenglish.R$drawable
com.wawa.learnenglish.R$id
com.wawa.learnenglish.R$layout
com.wawa.learnenglish.R$raw
com.wawa.learnenglish.R$string
com.wawa.learnenglish.R$style
com.wawa.learnenglish.activity.MainActivity:
    private static final java.lang.String TAG
com.wawa.learnenglish.constant.WaConstant
com.wawa.learnenglish.entity.Letter:
    private int id
    private java.lang.String letterAudioPath
    21:21:public int getId()
    25:26:public void setId(int)
    37:37:public java.lang.String getLetterAudioPath()
    41:42:public void setLetterAudioPath(java.lang.String)
com.wawa.learnenglish.util.CommonUtil:
    3:3:public CommonUtil()
...
android.support.v4.graphics.drawable.DrawableCompat$HoneycombDrawableImpl
android.support.v4.graphics.drawable.DrawableCompat$JellybeanMr1DrawableImpl
android.support.v4.graphics.drawable.DrawableCompat$KitKatDrawableImpl
android.support.v4.graphics.drawable.DrawableCompat$LollipopDrawableImpl
android.support.v4.graphics.drawable.DrawableCompat$MDrawableImpl
android.support.v4.graphics.drawable.DrawableCompatApi23
android.support.v4.graphics.drawable.DrawableCompatBase
android.support.v4.graphics.drawable.DrawableCompatEclair
android.support.v4.graphics.drawable.DrawableCompatHoneycomb
android.support.v4.graphics.drawable.DrawableCompatJellybeanMr1
android.support.v4.graphics.drawable.DrawableCompatKitKat
android.support.v4.graphics.drawable.DrawableCompatLollipop
android.support.v4.graphics.drawable.DrawableWrapper
android.support.v4.graphics.drawable.DrawableWrapperDonut
android.support.v4.graphics.drawable.DrawableWrapperDonut$DrawableWrapperState
android.support.v4.graphics.drawable.DrawableWrapperDonut$DrawableWrapperStateDonut
android.support.v4.graphics.drawable.DrawableWrapperEclair
android.support.v4.graphics.drawable.DrawableWrapperEclair$DrawableWrapperStateEclair
android.support.v4.graphics.drawable.DrawableWrapperHoneycomb
android.support.v4.graphics.drawable.DrawableWrapperHoneycomb$DrawableWrapperStateHoneycomb
android.support.v4.graphics.drawable.DrawableWrapperKitKat
android.support.v4.graphics.drawable.DrawableWrapperKitKat$DrawableWrapperStateKitKat
android.support.v4.graphics.drawable.DrawableWrapperLollipop
android.support.v4.graphics.drawable.DrawableWrapperLollipop$DrawableWrapperStateLollipop
android.support.v4.graphics.drawable.RoundedBitmapDrawable
android.support.v4.graphics.drawable.RoundedBitmapDrawable21
android.support.v4.graphics.drawable.RoundedBitmapDrawableFactory
android.support.v4.graphics.drawable.RoundedBitmapDrawableFactory$DefaultRoundedBitmapDrawable
android.support.v4.hardware.display.DisplayManagerCompat
android.support.v4.hardware.display.DisplayManagerCompat$JellybeanMr1Impl
android.support.v4.hardware.display.DisplayManagerCompat$LegacyImpl
android.support.v4.hardware.display.DisplayManagerJellybeanMr1
android.support.v4.hardware.fingerprint.FingerprintManagerCompat
android.support.v4.hardware.fingerprint.FingerprintManagerCompat$Api23FingerprintManagerCompatImpl
android.support.v4.hardware.fingerprint.FingerprintManagerCompat$Api23FingerprintManagerCompatImpl$1
android.support.v4.hardware.fingerprint.FingerprintManagerCompat$AuthenticationCallback
android.support.v4.hardware.fingerprint.FingerprintManagerCompat$AuthenticationResult
android.support.v4.hardware.fingerprint.FingerprintManagerCompat$CryptoObject
android.support.v4.hardware.fingerprint.FingerprintManagerCompat$FingerprintManagerCompatImpl
android.support.v4.hardware.fingerprint.FingerprintManagerCompat$LegacyFingerprintManagerCompatImpl
android.support.v4.hardware.fingerprint.FingerprintManagerCompatApi23
android.support.v4.hardware.fingerprint.FingerprintManagerCompatApi23$1
android.support.v4.hardware.fingerprint.FingerprintManagerCompatApi23$AuthenticationCallback
android.support.v4.hardware.fingerprint.FingerprintManagerCompatApi23$AuthenticationResultInternal
android.support.v4.hardware.fingerprint.FingerprintManagerCompatApi23$CryptoObject
android.support.v4.internal.view.SupportMenu
android.support.v4.internal.view.SupportMenuItem
android.support.v4.internal.view.SupportSubMenu
android.support.v4.media.IMediaBrowserServiceAdapterApi21
android.support.v4.media.IMediaBrowserServiceAdapterApi21$Stub
android.support.v4.media.IMediaBrowserServiceCallbacksAdapterApi21
android.support.v4.media.IMediaBrowserServiceCallbacksAdapterApi21$Stub
android.support.v4.media.MediaBrowserCompat
android.support.v4.media.MediaBrowserCompat$1
android.support.v4.media.MediaBrowserCompat$CallbackHandler
android.support.v4.media.MediaBrowserCompat$ConnectionCallback